This is pdfTeX, Version 3.14159265-2.6-1.40.20 (TeX Live 2019) (preloaded format=pdflatex 2019.5.8)  18 NOV 2019 07:41
entering extended mode
 restricted \write18 enabled.
 file:line:error style messages enabled.
 %&-line parsing enabled.
**topics.tex
(./topics.tex
LaTeX2e <2018-12-01>

./topics.tex:1: LaTeX Error: Missing \begin{document}.

See the LaTeX manual or LaTeX Companion for explanation.
Type  H <return>  for immediate help.
 ...                                              
                                                  
l.1 \begin{tabular}
                   { l l }
? 
./topics.tex:1: Emergency stop.
 ...                                              
                                                  
l.1 \begin{tabular}
                   { l l }
You're in trouble here.  Try typing  <return>  to proceed.
If that doesn't work, type  X <return>  to quit.

 
Here is how much of TeX's memory you used:
 6 strings out of 492616
 256 string characters out of 6129482
 57185 words of memory out of 5000000
 4025 multiletter control sequences out of 15000+600000
 3640 words of font info for 14 fonts, out of 8000000 for 9000
 1141 hyphenation exceptions out of 8191
 7i,0n,4p,43b,21s stack positions out of 5000i,500n,10000p,200000b,80000s
./topics.tex:1:  ==> Fatal error occurred, no output PDF file produced!
