This is pdfTeX, Version 3.14159265-2.6-1.40.20 (TeX Live 2019) (preloaded format=pdflatex 2019.5.8)  17 NOV 2019 18:32
entering extended mode
 restricted \write18 enabled.
 file:line:error style messages enabled.
 %&-line parsing enabled.
**overview.tex
(./overview.tex
LaTeX2e <2018-12-01>

./overview.tex:1: LaTeX Error: Missing \begin{document}.

See the LaTeX manual or LaTeX Companion for explanation.
Type  H <return>  for immediate help.
 ...                                              
                                                  
l.1 T
     his course is an introduction to techniques of statistical learning and...

? 
./overview.tex:1: Emergency stop.
 ...                                              
                                                  
l.1 T
     his course is an introduction to techniques of statistical learning and...

You're in trouble here.  Try typing  <return>  to proceed.
If that doesn't work, type  X <return>  to quit.

 
Here is how much of TeX's memory you used:
 6 strings out of 492616
 264 string characters out of 6129482
 57569 words of memory out of 5000000
 4025 multiletter control sequences out of 15000+600000
 3640 words of font info for 14 fonts, out of 8000000 for 9000
 1141 hyphenation exceptions out of 8191
 5i,0n,4p,507b,14s stack positions out of 5000i,500n,10000p,200000b,80000s
./overview.tex:1:  ==> Fatal error occurred, no output PDF file produced!
